#
# There is insufficient memory for the Java Runtime Environment to continue.
# Native memory allocation (malloc) failed to allocate 1048576 bytes for AllocateHeap
# Possible reasons:
#   The system is out of physical RAM or swap space
#   In 32 bit mode, the process size limit was hit
# Possible solutions:
#   Reduce memory load on the system
#   Increase physical memory or swap space
#   Check if swap backing store is full
#   Use 64 bit Java on a 64 bit OS
#   Decrease Java heap size (-Xmx/-Xms)
#   Decrease number of Java threads
#   Decrease Java thread stack sizes (-Xss)
#   Set larger code cache with -XX:ReservedCodeCacheSize=
# This output file may be truncated or incomplete.
#
#  Out of Memory Error (memory/allocation.inline.hpp:61), pid=10928, tid=0x00000000000018d8
#
# JRE version:  (8.0) (build )
# Java VM: OpenJDK 64-Bit Server VM (25.71-b00 mixed mode windows-amd64 compressed oops)
# Failed to write core dump. Minidumps are not enabled by default on client versions of Windows
#

---------------  T H R E A D  ---------------

Current thread (0x0000000002772800):  JavaThread "Unknown thread" [_thread_in_vm, id=6360, stack(0x00000000025d0000,0x00000000026d0000)]

Stack: [0x00000000025d0000,0x00000000026d0000]
[error occurred during error reporting (printing stack bounds), id 0xc0000005]

Native frames: (J=compiled Java code, j=interpreted, Vv=VM code, C=native code)


---------------  P R O C E S S  ---------------

Java Threads: ( => current thread )

Other Threads:

=>0x0000000002772800 (exited) JavaThread "Unknown thread" [_thread_in_vm, id=6360, stack(0x00000000025d0000,0x00000000026d0000)]

VM state:not at safepoint (normal execution)

VM Mutex/Monitor currently owned by a thread: None

Heap:
 PSYoungGen      total 37888K, used 655K [0x00000000d6100000, 0x00000000d8b00000, 0x0000000100000000)
  eden space 32768K, 2% used [0x00000000d6100000,0x00000000d61a3d80,0x00000000d8100000)
  from space 5120K, 0% used [0x00000000d8600000,0x00000000d8600000,0x00000000d8b00000)
  to   space 5120K, 0% used [0x00000000d8100000,0x00000000d8100000,0x00000000d8600000)
 ParOldGen       total 86016K, used 0K [0x0000000082200000, 0x0000000087600000, 0x00000000d6100000)
  object space 86016K, 0% used [0x0000000082200000,0x0000000082200000,0x0000000087600000)
 Metaspace       used 777K, capacity 4480K, committed 4480K, reserved 1056768K
  class space    used 74K, capacity 384K, committed 384K, reserved 1048576K

Card table byte_map: [0x0000000011c30000,0x0000000012020000] byte_map_base: 0x000000001181f000

Marking Bits: (ParMarkBitMap*) 0x000000005b9bbe50
 Begin Bits: [0x00000000126c0000, 0x0000000014638000)
 End Bits:   [0x0000000014638000, 0x00000000165b0000)

Polling page: 0x0000000000db0000

CodeCache: size=245760Kb used=328Kb max_used=328Kb free=245431Kb
 bounds [0x0000000002870000, 0x0000000002ae0000, 0x0000000011870000]
 total_blobs=57 nmethods=0 adapters=38
 compilation: enabled

Compilation events (0 events):
No events

GC Heap History (0 events):
No events

Deoptimization events (0 events):
No events

Classes redefined (0 events):
No events

Internal exceptions (0 events):
No events

Events (10 events):
Event: 0.036 loading class java/lang/Short
Event: 0.036 loading class java/lang/Short done
Event: 0.036 loading class java/lang/Integer
Event: 0.036 loading class java/lang/Integer done
Event: 0.036 loading class java/lang/Long
Event: 0.036 loading class java/lang/Long done
Event: 0.037 loading class java/lang/NullPointerException
Event: 0.037 loading class java/lang/NullPointerException done
Event: 0.037 loading class java/lang/ArithmeticException
Event: 0.037 loading class java/lang/ArithmeticException done


Dynamic libraries:
0x00007ff70a0d0000 - 0x00007ff70a105000 	D:\Programs\Unity Engine\2020.3.23f1\Editor\Data\PlaybackEngines\AndroidPlayer\OpenJDK\bin\java.exe
0x00007ffe3f7d0000 - 0x00007ffe3f9c5000 	C:\WINDOWS\SYSTEM32\ntdll.dll
0x00007ffe3f1f0000 - 0x00007ffe3f2ae000 	C:\WINDOWS\System32\KERNEL32.DLL
0x00007ffe3cf40000 - 0x00007ffe3d208000 	C:\WINDOWS\System32\KERNELBASE.dll
0x00007ffe3f360000 - 0x00007ffe3f40c000 	C:\WINDOWS\System32\ADVAPI32.dll
0x00007ffe3f0f0000 - 0x00007ffe3f18e000 	C:\WINDOWS\System32\msvcrt.dll
0x00007ffe3f6f0000 - 0x00007ffe3f78b000 	C:\WINDOWS\System32\sechost.dll
0x00007ffe3e640000 - 0x00007ffe3e76a000 	C:\WINDOWS\System32\RPCRT4.dll
0x00007ffe3f540000 - 0x00007ffe3f6e1000 	C:\WINDOWS\System32\USER32.dll
0x00007ffe3d470000 - 0x00007ffe3d492000 	C:\WINDOWS\System32\win32u.dll
0x00007ffe3e770000 - 0x00007ffe3e79b000 	C:\WINDOWS\System32\GDI32.dll
0x00007ffe3d360000 - 0x00007ffe3d46b000 	C:\WINDOWS\System32\gdi32full.dll
0x00007ffe3d2c0000 - 0x00007ffe3d35d000 	C:\WINDOWS\System32\msvcp_win.dll
0x00007ffe3d600000 - 0x00007ffe3d700000 	C:\WINDOWS\System32\ucrtbase.dll
0x00007ffe2f390000 - 0x00007ffe2f62a000 	C:\WINDOWS\WinSxS\amd64_microsoft.windows.common-controls_6595b64144ccf1df_6.0.19041.1110_none_60b5254171f9507e\COMCTL32.dll
0x00007ffe3e7a0000 - 0x00007ffe3e7d0000 	C:\WINDOWS\System32\IMM32.DLL
0x000000005bf00000 - 0x000000005bfd2000 	D:\Programs\Unity Engine\2020.3.23f1\Editor\Data\PlaybackEngines\AndroidPlayer\OpenJDK\jre\bin\msvcr100.dll
0x000000005b1f0000 - 0x000000005ba39000 	D:\Programs\Unity Engine\2020.3.23f1\Editor\Data\PlaybackEngines\AndroidPlayer\OpenJDK\jre\bin\server\jvm.dll
0x00007ffe3e630000 - 0x00007ffe3e638000 	C:\WINDOWS\System32\PSAPI.DLL
0x00007ffe30760000 - 0x00007ffe30787000 	C:\WINDOWS\SYSTEM32\WINMM.dll
0x00007ffe30160000 - 0x00007ffe30169000 	C:\WINDOWS\SYSTEM32\WSOCK32.dll
0x00007ffe30f70000 - 0x00007ffe30f7a000 	C:\WINDOWS\SYSTEM32\VERSION.dll
0x00007ffe3ec00000 - 0x00007ffe3ec6b000 	C:\WINDOWS\System32\WS2_32.dll
0x00007ffe38470000 - 0x00007ffe3847f000 	D:\Programs\Unity Engine\2020.3.23f1\Editor\Data\PlaybackEngines\AndroidPlayer\OpenJDK\jre\bin\verify.dll
0x00007ffe15240000 - 0x00007ffe15269000 	D:\Programs\Unity Engine\2020.3.23f1\Editor\Data\PlaybackEngines\AndroidPlayer\OpenJDK\jre\bin\java.dll
0x00007ffe314b0000 - 0x00007ffe314c6000 	D:\Programs\Unity Engine\2020.3.23f1\Editor\Data\PlaybackEngines\AndroidPlayer\OpenJDK\jre\bin\zip.dll

VM Arguments:
jvm_args: -Dfile.encoding=UTF-8 
java_command: org.gradle.launcher.GradleMain -Dorg.gradle.jvmargs=-Xmx4096m --stop
java_class_path (initial): D:\Programs\Unity Engine\2020.3.23f1\Editor\Data\PlaybackEngines\AndroidPlayer\Tools\gradle\lib\gradle-launcher-6.1.1.jar
Launcher Type: SUN_STANDARD

Environment Variables:
JAVA_HOME=D:\Programs\Unity Engine\2020.3.23f1\Editor\Data\PlaybackEngines\AndroidPlayer\OpenJDK
JAVA_TOOL_OPTIONS=-Dfile.encoding=UTF-8
PATH=C:\Program Files (x86)\Common Files\Oracle\Java\javapath;C:\WINDOWS\system32;C:\WINDOWS;C:\WINDOWS\System32\Wbem;C:\WINDOWS\System32\WindowsPowerShell\v1.0\;C:\WINDOWS\System32\OpenSSH\;C:\Program Files\dotnet\;C:\Program Files (x86)\dotnet\;C:\Users\sasch\AppData\Local\Microsoft\WindowsApps;D:\Programs\JetBrains\IntelliJ IDEA Community Edition 2020.2.2\bin;;C:\Users\sasch\AppData\Local\GitHubDesktop\bin;C:\Users\sasch\.dotnet\tools
USERNAME=sasch
OS=Windows_NT
PROCESSOR_IDENTIFIER=Intel64 Family 6 Model 58 Stepping 9, GenuineIntel



---------------  S Y S T E M  ---------------

OS: Windows 10.0 , 64 bit Build 19041 (10.0.19041.1348)

CPU:total 4 (initial active 4) (2 cores per cpu, 2 threads per core) family 6 model 58 stepping 9, cmov, cx8, fxsr, mmx, sse, sse2, sse3, ssse3, sse4.1, sse4.2, popcnt, avx, aes, clmul, erms, ht, tsc, tscinvbit, tscinv

Memory: 4k page, physical 8245744k(1466532k free), swap 10310128k(5800k free)

vm_info: OpenJDK 64-Bit Server VM (25.71-b00) for windows-amd64 JRE (1.8.0-adoptopenjdk-_2018_05_19_00_59-b00), built on May 19 2018 01:02:12 by "jenkins" with MS VC++ 10.0 (VS2010)

time: Sat Nov 27 12:33:01 2021
elapsed time: 0 seconds (0d 0h 0m 0s)

